<?xml version="1.0" encoding="UTF-8"?>
<!-- Generated by org.testng.reporters.JUnitXMLReporter -->
<testsuite hostname="DESKTOP-GA7M1FM" name="Default test" tests="5" failures="0" timestamp="6 Jun 2018 06:55:31 GMT" time="0.072" errors="0">
  <testcase name="runSelenium" time="0.019" classname="com.example.demo.TestGroup"/>
  <testcase name="runSelenium1" time="0.002" classname="com.example.demo.TestGroup"/>
  <testcase name="testConnectMsSQL" time="0.002" classname="com.example.demo.TestGroup"/>
  <testcase name="testConnectOracle" time="0.002" classname="com.example.demo.TestGroup"/>
  <testcase name="runFinal" time="0.004" classname="com.example.demo.TestGroup"/>
</testsuite> <!-- Default test -->
