<?xml version="1.0" encoding="UTF-8"?>
<!-- Generated by org.testng.reporters.JUnitXMLReporter -->
<testsuite hostname="DESKTOP-GA7M1FM" name="case1" tests="4" failures="0" timestamp="6 Jun 2018 06:25:06 GMT" time="0.042" errors="0">
  <testcase name="runTest1" time="0.006" classname="com.example.demo.TestConfiguration"/>
  <testcase name="runTest2" time="0.001" classname="com.example.demo.TestConfiguration"/>
  <testcase name="runOtherTest1" time="0.005" classname="com.example.demo.TestDBConnection"/>
  <testcase name="runOtherTest2" time="0.003" classname="com.example.demo.TestDBConnection"/>
</testsuite> <!-- case1 -->
